<?xml version="1.0" encoding="UTF-8"?>
<testng-results skipped="0" failed="0" ignored="0" total="1" passed="1">
  <reporter-output>
  </reporter-output>
  <suite name="Suite" duration-ms="5192" started-at="2020-06-25T11:04:57 IST" finished-at="2020-06-25T11:05:02 IST">
    <groups>
    </groups>
    <test name="Test" duration-ms="5192" started-at="2020-06-25T11:04:57 IST" finished-at="2020-06-25T11:05:02 IST">
      <class name="OrangePack.OrangeProj.LaunchBrowser">
        <test-method status="PASS" signature="launchBrowser()[pri:0, instance:OrangePack.OrangeProj.LaunchBrowser@ea1a8d5]" name="launchBrowser" duration-ms="5146" started-at="2020-06-25T11:04:57 IST" finished-at="2020-06-25T11:05:02 IST">
          <reporter-output>
          </reporter-output>
        </test-method> <!-- launchBrowser -->
      </class> <!-- OrangePack.OrangeProj.LaunchBrowser -->
    </test> <!-- Test -->
  </suite> <!-- Suite -->
</testng-results>
